<?xml version="1.0" encoding="UTF-8"?>
<testsuite name="com.app.server.service.organization.locationmanagement.TimezoneTestCase" tests="5" skipped="0" failures="0" errors="0" timestamp="2016-05-05T11:43:37" hostname="bb2aa222972f" time="0.284">
  <properties/>
  <testcase name="test1Save" classname="com.app.server.service.organization.locationmanagement.TimezoneTestCase" time="0.109"/>
  <testcase name="test2Update" classname="com.app.server.service.organization.locationmanagement.TimezoneTestCase" time="0.05"/>
  <testcase name="test3FindById" classname="com.app.server.service.organization.locationmanagement.TimezoneTestCase" time="0.01"/>
  <testcase name="test5NegativeTesting" classname="com.app.server.service.organization.locationmanagement.TimezoneTestCase" time="0.027"/>
  <testcase name="test6Delete" classname="com.app.server.service.organization.locationmanagement.TimezoneTestCase" time="0.087"/>
  <system-out><![CDATA[Thu May 05 11:43:37 UTC 2016|Log Manager Factory|Initialization Process started.....
Thu May 05 11:43:37 UTC 2016|Log Manager|Initialized with Path = [/home/applifire/workspace/testlic1/src/main/webapp/WEB-INF/conf/]
Thu May 05 11:43:37 UTC 2016|Alarm Manager|Initialized with Path = [/home/applifire/workspace/testlic1/src/main/webapp/WEB-INF/conf/]
Thu May 05 11:43:37 UTC 2016|Alarm Manager|Loading Alarms ......
Thu May 05 11:43:37 UTC 2016|Alarm XML Parser|FWA|XML Parsing Complete........ 
Thu May 05 11:43:37 UTC 2016|Alarm File Manager|FWA|Alarm File Status.. [ApplicationFrameworkAlarms.xml]|Version=13|Status=Done 
Thu May 05 11:43:37 UTC 2016|Alarm File Manager|FWA|Alarm Stats = ( BC/AL=4/242 SYS=4/9 [242/0]  TPL=0/0 [0/0]  APP= A.Map=[320]  E.Map EC/RC=[3/0] )
Thu May 05 11:43:37 UTC 2016|Alarm XML Parser|APP|XML Parsing Complete........ 
Thu May 05 11:43:37 UTC 2016|Alarm File Manager|APP|Alarm File Status.. [ApplicationAlarms.xml]|Version=1|Status=Done 
Thu May 05 11:43:37 UTC 2016|Alarm File Manager|APP|Alarm Stats = ( BC/AL=4/242 SYS=4/9 [242/0]  TPL=0/0 [0/0]  APP=0/0 [0/0]  A.Map=[320]  E.Map EC/RC=[3/0] )
Thu May 05 11:43:37 UTC 2016|ApplicationAlarmContext| <><><><><> Create App Alarms ....  <><><><><> 
Thu May 05 11:43:37 UTC 2016|ApplicationAlarmContext|Alarms are generated ONLY in Development Mode.. 
Thu May 05 11:43:37 UTC 2016|Alarm Manager|APP|Alarm Stats = ( BC/AL=4/242 SYS=4/9 [242/0]  TPL=0/0 [0/0]  APP=0/0 [0/0]  A.Map=[320]  E.Map EC/RC=[3/0] )
Thu May 05 11:43:37 UTC 2016|Alarm Manager|Initialized Exception Lookup...
Thu May 05 11:43:37 UTC 2016|Log Manager|Initialize Log Config File ......
Thu May 05 11:43:37 UTC 2016|Pluggable Connectors|Adding Connectors : StandardOutputConnector isEnabled=true isDefault=false isFallBack=true
Thu May 05 11:43:37 UTC 2016|Pluggable Connectors|Adding Connectors : StandardFileConnector isEnabled=true isDefault=false isFallBack=false
Thu May 05 11:43:37 UTC 2016|Pluggable Connectors|Adding Connectors : Sprinkler isEnabled=true isDefault=true isFallBack=false
Thu May 05 11:43:37 UTC 2016|Pluggable Connectors|Default Connector Name : com.spartan.logger.core.LogMessenger
Thu May 05 11:43:37 UTC 2016|Log Config Parser|Connector Least Log Level =[4]  FallBack Log Level =[3]
Thu May 05 11:43:37 UTC 2016|Log Manager|Loading Default Connector for Logging ......
Thu May 05 11:43:37 UTC 2016|Log Manager|Loading class .. com.spartan.logger.core.LogMessenger
Thu May 05 11:43:37 UTC 2016|Plugggable Connector|Connector class com.spartan.logger.core.LogMessenger Initialized... @ Log Level = 3
Thu May 05 11:43:37 UTC 2016|Log Manager|Starting the Default Connector [com.spartan.logger.core.LogMessenger@bbb5202] ....
Thu May 05 11:43:37 UTC 2016|Scheduler|Starting the Scheduler ......
Thu May 05 11:43:37 UTC 2016|Scheduler|Adding [LMID=[f7834718-6a3a-498e-ae80-7e4e3c78eab9]] Delay=5 Time Unit=MINUTES
Thu May 05 11:43:37 UTC 2016|Scheduler|Adding [App Alarm Manager File=[ApplicationAlarms.xml]] Delay=30 Time Unit=MINUTES
Thu May 05 11:43:37 UTC 2016|Scheduler|Adding [FW Alarm Manager File=[ApplicationFrameworkAlarms.xml]] Delay=3 Time Unit=MINUTES
Thu May 05 11:43:37 UTC 2016|Scheduler|Startup Completed..
Thu May 05 11:43:37 UTC 2016|Log Manager|Initialization Process Complete ......
Thu May 05 11:43:37 UTC 2016|Log Manager Factory|Log Manager READY! ID = f7834718-6a3a-498e-ae80-7e4e3c78eab9
Setting logged in user info for ADD
[EL Fine]: sql: 2016-05-05 11:43:37.062--ClientSession(332973413)--Connection(842461350)--Thread(Thread[Test worker,5,main])--INSERT INTO ast_Timezone_M (timeZoneId, cities, country, gmtLabel, timeZoneLabel, utcdifference, versionId, createdBy, createdDate, updatedBy, updatedDate, activeStatus, txnAccessCode) VALUES (?, ?, ?, ?, ?, ?, ?, ?, ?, ?, ?, ?, ?)
	bind => [67A8A616-87EE-46FB-871D-215A6E9312B1, 4WxOoJ6nFnMmOHuBHOeVoFEECbIVx42voCdMEFN69dTluZNQYj, IxjH5weltgeX4Cp3L92QyE6ZSwgHco7bVmGndKa7t0EQGrZzHq, R7tqYz6RRMdl5enszahM7gVF15RJe6qNQgZVFf8HWNOFkWaA8s, BRQ5S9KlvZ1uaK1JRUVwvXhDJMfTsx7F095JnNUWEeVRPzJsM7, 3, 1, AAAAA, 2016-05-05 11:43:37.05, AAAAA, 2016-05-05 11:43:37.05, 1, 51000]
Thu May 05 11:43:37 UTC 2016|Unknown Alarm = ORGLM314100100 Alarm Split = ORG-LM-3-1-4-100-100
[EL Fine]: sql: 2016-05-05 11:43:37.136--ClientSession(722918800)--Connection(842461350)--Thread(Thread[Test worker,5,main])--SELECT timeZoneId, cities, country, gmtLabel, timeZoneLabel, utcdifference, versionId, createdBy, createdDate, updatedBy, updatedDate, activeStatus, txnAccessCode FROM ast_Timezone_M WHERE ((activeStatus = ?) AND (timeZoneId = ?))
	bind => [1, 67A8A616-87EE-46FB-871D-215A6E9312B1]
Thu May 05 11:43:37 UTC 2016|Unknown Alarm = ORGLM314100100 Alarm Split = ORG-LM-3-1-4-100-100
Setting logged in user info for UPDATE
[EL Fine]: sql: 2016-05-05 11:43:37.141--ClientSession(1442826427)--Connection(842461350)--Thread(Thread[Test worker,5,main])--SELECT timeZoneId, cities, country, gmtLabel, timeZoneLabel, utcdifference, versionId, createdBy, createdDate, updatedBy, updatedDate, activeStatus, txnAccessCode FROM ast_Timezone_M WHERE (timeZoneId = ?)
	bind => [67A8A616-87EE-46FB-871D-215A6E9312B1]
[EL Fine]: sql: 2016-05-05 11:43:37.143--ClientSession(1442826427)--Connection(842461350)--Thread(Thread[Test worker,5,main])--UPDATE ast_Timezone_M SET cities = ?, country = ?, gmtLabel = ?, timeZoneLabel = ?, utcdifference = ?, versionId = ? WHERE ((timeZoneId = ?) AND (versionId = ?))
	bind => [eIDpwbEye9jAqiri8lHKed3UE1RiknJOGiYzZ43AMMHOOKGKwz, xuEw1BVKGfYJuFYbFAe90OjCGFBjsNJeiZPRb3IEbjFXF5tsOF, FQgkW7SU6fIaCfKqU2PUToU1Nh24hX7bEOgx1ynZaJii2xibvh, wJhn6QHOBlDhD34WQBIAnQk3h6YLVfLhv50EOOfbmhc4Z2UvPW, 4, 2, 67A8A616-87EE-46FB-871D-215A6E9312B1, 1]
Thu May 05 11:43:37 UTC 2016|Unknown Alarm = ORGLM314100100 Alarm Split = ORG-LM-3-1-4-100-100
[EL Fine]: sql: 2016-05-05 11:43:37.188--ClientSession(1085360821)--Connection(842461350)--Thread(Thread[Test worker,5,main])--SELECT timeZoneId, cities, country, gmtLabel, timeZoneLabel, utcdifference, versionId, createdBy, createdDate, updatedBy, updatedDate, activeStatus, txnAccessCode FROM ast_Timezone_M WHERE ((activeStatus = ?) AND (timeZoneId = ?))
	bind => [1, 67A8A616-87EE-46FB-871D-215A6E9312B1]
Thu May 05 11:43:37 UTC 2016|Unknown Alarm = ORGLM314100100 Alarm Split = ORG-LM-3-1-4-100-100
[EL Fine]: sql: 2016-05-05 11:43:37.226--ClientSession(436427416)--Connection(842461350)--Thread(Thread[Test worker,5,main])--SELECT timeZoneId, cities, country, gmtLabel, timeZoneLabel, utcdifference, versionId, createdBy, createdDate, updatedBy, updatedDate, activeStatus, txnAccessCode FROM ast_Timezone_M WHERE (timeZoneId = ?)
	bind => [67A8A616-87EE-46FB-871D-215A6E9312B1]
[EL Fine]: sql: 2016-05-05 11:43:37.228--ClientSession(436427416)--Connection(842461350)--Thread(Thread[Test worker,5,main])--DELETE FROM ast_Timezone_M WHERE ((timeZoneId = ?) AND (versionId = ?))
	bind => [67A8A616-87EE-46FB-871D-215A6E9312B1, 2]
]]></system-out>
  <system-err><![CDATA[java.lang.NullPointerException
	at com.spartan.logger.connectors.file.LogFileHandler.writeData(LogFileHandler.java:109)
	at com.spartan.logger.connectors.file.FileConnector.writeData(FileConnector.java:69)
	at com.spartan.logger.connectors.file.FileConnector.writeLog(FileConnector.java:51)
	at com.spartan.logger.core.queue.QueueConsumer.consumeAlarm(QueueConsumer.java:76)
	at com.spartan.logger.core.queue.QueueConsumer.run(QueueConsumer.java:41)
	at java.lang.Thread.run(Thread.java:745)
java.lang.NullPointerException
	at com.spartan.logger.connectors.file.LogFileHandler.writeData(LogFileHandler.java:109)
	at com.spartan.logger.connectors.file.FileConnector.writeData(FileConnector.java:69)
	at com.spartan.logger.connectors.file.FileConnector.writeLog(FileConnector.java:51)
	at com.spartan.logger.core.queue.QueueConsumer.consumeAlarm(QueueConsumer.java:76)
	at com.spartan.logger.core.queue.QueueConsumer.run(QueueConsumer.java:41)
	at java.lang.Thread.run(Thread.java:745)
java.lang.NullPointerException
	at com.spartan.logger.connectors.file.LogFileHandler.writeData(LogFileHandler.java:109)
	at com.spartan.logger.connectors.file.FileConnector.writeData(FileConnector.java:69)
	at com.spartan.logger.connectors.file.FileConnector.writeLog(FileConnector.java:51)
	at com.spartan.logger.core.queue.QueueConsumer.consumeAlarm(QueueConsumer.java:76)
	at com.spartan.logger.core.queue.QueueConsumer.run(QueueConsumer.java:41)
	at java.lang.Thread.run(Thread.java:745)
java.lang.NullPointerException
	at com.spartan.logger.connectors.file.LogFileHandler.writeData(LogFileHandler.java:109)
	at com.spartan.logger.connectors.file.FileConnector.writeData(FileConnector.java:69)
	at com.spartan.logger.connectors.file.FileConnector.writeLog(FileConnector.java:51)
	at com.spartan.logger.core.queue.QueueConsumer.consumeAlarm(QueueConsumer.java:76)
	at com.spartan.logger.core.queue.QueueConsumer.run(QueueConsumer.java:41)
	at java.lang.Thread.run(Thread.java:745)
java.lang.NullPointerException
	at com.spartan.logger.connectors.file.LogFileHandler.writeData(LogFileHandler.java:109)
	at com.spartan.logger.connectors.file.FileConnector.writeData(FileConnector.java:69)
	at com.spartan.logger.connectors.file.FileConnector.writeLog(FileConnector.java:51)
	at com.spartan.logger.core.queue.QueueConsumer.consumeAlarm(QueueConsumer.java:76)
	at com.spartan.logger.core.queue.QueueConsumer.run(QueueConsumer.java:41)
	at java.lang.Thread.run(Thread.java:745)
java.lang.NullPointerException
	at com.spartan.logger.connectors.file.LogFileHandler.writeData(LogFileHandler.java:109)
	at com.spartan.logger.connectors.file.FileConnector.writeData(FileConnector.java:69)
	at com.spartan.logger.connectors.file.FileConnector.writeLog(FileConnector.java:51)
	at com.spartan.logger.core.queue.QueueConsumer.consumeAlarm(QueueConsumer.java:76)
	at com.spartan.logger.core.queue.QueueConsumer.run(QueueConsumer.java:41)
	at java.lang.Thread.run(Thread.java:745)
java.lang.NullPointerException
	at com.spartan.logger.connectors.file.LogFileHandler.writeData(LogFileHandler.java:109)
	at com.spartan.logger.connectors.file.FileConnector.writeData(FileConnector.java:69)
	at com.spartan.logger.connectors.file.FileConnector.writeLog(FileConnector.java:51)
	at com.spartan.logger.core.queue.QueueConsumer.consumeAlarm(QueueConsumer.java:76)
	at com.spartan.logger.core.queue.QueueConsumer.run(QueueConsumer.java:41)
	at java.lang.Thread.run(Thread.java:745)
java.lang.NullPointerException
	at com.spartan.logger.connectors.file.LogFileHandler.writeData(LogFileHandler.java:109)
	at com.spartan.logger.connectors.file.FileConnector.writeData(FileConnector.java:69)
	at com.spartan.logger.connectors.file.FileConnector.writeLog(FileConnector.java:51)
	at com.spartan.logger.core.queue.QueueConsumer.consumeAlarm(QueueConsumer.java:76)
	at com.spartan.logger.core.queue.QueueConsumer.run(QueueConsumer.java:41)
	at java.lang.Thread.run(Thread.java:745)
java.lang.NullPointerException
	at com.spartan.logger.connectors.file.LogFileHandler.writeData(LogFileHandler.java:109)
	at com.spartan.logger.connectors.file.FileConnector.writeData(FileConnector.java:69)
	at com.spartan.logger.connectors.file.FileConnector.writeLog(FileConnector.java:51)
	at com.spartan.logger.core.queue.QueueConsumer.consumeAlarm(QueueConsumer.java:76)
	at com.spartan.logger.core.queue.QueueConsumer.run(QueueConsumer.java:41)
	at java.lang.Thread.run(Thread.java:745)
java.lang.NullPointerException
	at com.spartan.logger.connectors.file.LogFileHandler.writeData(LogFileHandler.java:109)
	at com.spartan.logger.connectors.file.FileConnector.writeData(FileConnector.java:69)
	at com.spartan.logger.connectors.file.FileConnector.writeLog(FileConnector.java:51)
	at com.spartan.logger.core.queue.QueueConsumer.consumeAlarm(QueueConsumer.java:76)
	at com.spartan.logger.core.queue.QueueConsumer.run(QueueConsumer.java:41)
	at java.lang.Thread.run(Thread.java:745)
java.lang.NullPointerException
	at com.spartan.logger.connectors.file.LogFileHandler.writeData(LogFileHandler.java:109)
	at com.spartan.logger.connectors.file.FileConnector.writeData(FileConnector.java:69)
	at com.spartan.logger.connectors.file.FileConnector.writeLog(FileConnector.java:51)
	at com.spartan.logger.core.queue.QueueConsumer.consumeAlarm(QueueConsumer.java:76)
	at com.spartan.logger.core.queue.QueueConsumer.run(QueueConsumer.java:41)
	at java.lang.Thread.run(Thread.java:745)
java.lang.NullPointerException
	at com.spartan.logger.connectors.file.LogFileHandler.writeData(LogFileHandler.java:109)
	at com.spartan.logger.connectors.file.FileConnector.writeData(FileConnector.java:69)
	at com.spartan.logger.connectors.file.FileConnector.writeLog(FileConnector.java:51)
	at com.spartan.logger.core.queue.QueueConsumer.consumeAlarm(QueueConsumer.java:76)
	at com.spartan.logger.core.queue.QueueConsumer.run(QueueConsumer.java:41)
	at java.lang.Thread.run(Thread.java:745)
com.app.shared.organization.locationmanagement.Timezone.utcdifference may not be null
com.spartan.pluggable.exception.security.InvalidDataException: 90007:Invalid Exception.:Reason = Not Available!
	at com.athena.server.pluggable.utils.helper.EntityValidatorHelper.validateEntity(EntityValidatorHelper.java:28)
	at com.app.shared.organization.locationmanagement.Timezone.isValid(Timezone.java:194)
	at com.app.server.service.organization.locationmanagement.TimezoneTestCase.validateTimezone(TimezoneTestCase.java:187)
	at com.app.server.service.organization.locationmanagement.TimezoneTestCase.test5NegativeTesting(TimezoneTestCase.java:222)
	at sun.reflect.NativeMethodAccessorImpl.invoke0(Native Method)
	at sun.reflect.NativeMethodAccessorImpl.invoke(NativeMethodAccessorImpl.java:57)
	at sun.reflect.DelegatingMethodAccessorImpl.invoke(DelegatingMethodAccessorImpl.java:43)
	at java.lang.reflect.Method.invoke(Method.java:606)
	at org.junit.runners.model.FrameworkMethod$1.runReflectiveCall(FrameworkMethod.java:47)
	at org.junit.internal.runners.model.ReflectiveCallable.run(ReflectiveCallable.java:12)
	at org.junit.runners.model.FrameworkMethod.invokeExplosively(FrameworkMethod.java:44)
	at org.junit.internal.runners.statements.InvokeMethod.evaluate(InvokeMethod.java:17)
	at org.junit.internal.runners.statements.RunBefores.evaluate(RunBefores.java:26)
	at org.springframework.test.context.junit4.statements.RunBeforeTestMethodCallbacks.evaluate(RunBeforeTestMethodCallbacks.java:74)
	at org.junit.internal.runners.statements.RunAfters.evaluate(RunAfters.java:27)
	at org.springframework.test.context.junit4.statements.RunAfterTestMethodCallbacks.evaluate(RunAfterTestMethodCallbacks.java:83)
	at org.springframework.test.context.junit4.statements.SpringRepeat.evaluate(SpringRepeat.java:72)
	at org.springframework.test.context.junit4.SpringJUnit4ClassRunner.runChild(SpringJUnit4ClassRunner.java:233)
	at org.springframework.test.context.junit4.SpringJUnit4ClassRunner.runChild(SpringJUnit4ClassRunner.java:87)
	at org.junit.runners.ParentRunner$3.run(ParentRunner.java:238)
	at org.junit.runners.ParentRunner$1.schedule(ParentRunner.java:63)
	at org.junit.runners.ParentRunner.runChildren(ParentRunner.java:236)
	at org.junit.runners.ParentRunner.access$000(ParentRunner.java:53)
	at org.junit.runners.ParentRunner$2.evaluate(ParentRunner.java:229)
	at org.junit.internal.runners.statements.RunBefores.evaluate(RunBefores.java:26)
	at org.springframework.test.context.junit4.statements.RunBeforeTestClassCallbacks.evaluate(RunBeforeTestClassCallbacks.java:61)
	at org.springframework.test.context.junit4.statements.RunAfterTestClassCallbacks.evaluate(RunAfterTestClassCallbacks.java:71)
	at org.junit.runners.ParentRunner.run(ParentRunner.java:309)
	at org.springframework.test.context.junit4.SpringJUnit4ClassRunner.run(SpringJUnit4ClassRunner.java:176)
	at org.gradle.api.internal.tasks.testing.junit.JUnitTestClassExecuter.runTestClass(JUnitTestClassExecuter.java:86)
	at org.gradle.api.internal.tasks.testing.junit.JUnitTestClassExecuter.execute(JUnitTestClassExecuter.java:49)
	at org.gradle.api.internal.tasks.testing.junit.JUnitTestClassProcessor.processTestClass(JUnitTestClassProcessor.java:64)
	at org.gradle.api.internal.tasks.testing.SuiteTestClassProcessor.processTestClass(SuiteTestClassProcessor.java:50)
	at sun.reflect.GeneratedMethodAccessor105.invoke(Unknown Source)
	at sun.reflect.DelegatingMethodAccessorImpl.invoke(DelegatingMethodAccessorImpl.java:43)
	at java.lang.reflect.Method.invoke(Method.java:606)
	at org.gradle.messaging.dispatch.ReflectionDispatch.dispatch(ReflectionDispatch.java:35)
	at org.gradle.messaging.dispatch.ReflectionDispatch.dispatch(ReflectionDispatch.java:24)
	at org.gradle.messaging.dispatch.ContextClassLoaderDispatch.dispatch(ContextClassLoaderDispatch.java:32)
	at org.gradle.messaging.dispatch.ProxyDispatchAdapter$DispatchingInvocationHandler.invoke(ProxyDispatchAdapter.java:93)
	at com.sun.proxy.$Proxy2.processTestClass(Unknown Source)
	at org.gradle.api.internal.tasks.testing.worker.TestWorker.processTestClass(TestWorker.java:106)
	at sun.reflect.GeneratedMethodAccessor104.invoke(Unknown Source)
	at sun.reflect.DelegatingMethodAccessorImpl.invoke(DelegatingMethodAccessorImpl.java:43)
	at java.lang.reflect.Method.invoke(Method.java:606)
	at org.gradle.messaging.dispatch.ReflectionDispatch.dispatch(ReflectionDispatch.java:35)
	at org.gradle.messaging.dispatch.ReflectionDispatch.dispatch(ReflectionDispatch.java:24)
	at org.gradle.messaging.remote.internal.hub.MessageHub$Handler.run(MessageHub.java:360)
	at org.gradle.internal.concurrent.DefaultExecutorFactory$StoppableExecutorImpl$1.run(DefaultExecutorFactory.java:64)
	at java.util.concurrent.ThreadPoolExecutor.runWorker(ThreadPoolExecutor.java:1145)
	at java.util.concurrent.ThreadPoolExecutor$Worker.run(ThreadPoolExecutor.java:615)
	at java.lang.Thread.run(Thread.java:745)
com.app.shared.organization.locationmanagement.Timezone.utcdifference must be less than or equal to 11
com.spartan.pluggable.exception.security.InvalidDataException: 90007:Invalid Exception.:Reason = Not Available!
	at com.athena.server.pluggable.utils.helper.EntityValidatorHelper.validateEntity(EntityValidatorHelper.java:28)
	at com.app.shared.organization.locationmanagement.Timezone.isValid(Timezone.java:194)
	at com.app.server.service.organization.locationmanagement.TimezoneTestCase.validateTimezone(TimezoneTestCase.java:185)
	at com.app.server.service.organization.locationmanagement.TimezoneTestCase.test5NegativeTesting(TimezoneTestCase.java:227)
	at sun.reflect.NativeMethodAccessorImpl.invoke0(Native Method)
	at sun.reflect.NativeMethodAccessorImpl.invoke(NativeMethodAccessorImpl.java:57)
	at sun.reflect.DelegatingMethodAccessorImpl.invoke(DelegatingMethodAccessorImpl.java:43)
	at java.lang.reflect.Method.invoke(Method.java:606)
	at org.junit.runners.model.FrameworkMethod$1.runReflectiveCall(FrameworkMethod.java:47)
	at org.junit.internal.runners.model.ReflectiveCallable.run(ReflectiveCallable.java:12)
	at org.junit.runners.model.FrameworkMethod.invokeExplosively(FrameworkMethod.java:44)
	at org.junit.internal.runners.statements.InvokeMethod.evaluate(InvokeMethod.java:17)
	at org.junit.internal.runners.statements.RunBefores.evaluate(RunBefores.java:26)
	at org.springframework.test.context.junit4.statements.RunBeforeTestMethodCallbacks.evaluate(RunBeforeTestMethodCallbacks.java:74)
	at org.junit.internal.runners.statements.RunAfters.evaluate(RunAfters.java:27)
	at org.springframework.test.context.junit4.statements.RunAfterTestMethodCallbacks.evaluate(RunAfterTestMethodCallbacks.java:83)
	at org.springframework.test.context.junit4.statements.SpringRepeat.evaluate(SpringRepeat.java:72)
	at org.springframework.test.context.junit4.SpringJUnit4ClassRunner.runChild(SpringJUnit4ClassRunner.java:233)
	at org.springframework.test.context.junit4.SpringJUnit4ClassRunner.runChild(SpringJUnit4ClassRunner.java:87)
	at org.junit.runners.ParentRunner$3.run(ParentRunner.java:238)
	at org.junit.runners.ParentRunner$1.schedule(ParentRunner.java:63)
	at org.junit.runners.ParentRunner.runChildren(ParentRunner.java:236)
	at org.junit.runners.ParentRunner.access$000(ParentRunner.java:53)
	at org.junit.runners.ParentRunner$2.evaluate(ParentRunner.java:229)
	at org.junit.internal.runners.statements.RunBefores.evaluate(RunBefores.java:26)
	at org.springframework.test.context.junit4.statements.RunBeforeTestClassCallbacks.evaluate(RunBeforeTestClassCallbacks.java:61)
	at org.springframework.test.context.junit4.statements.RunAfterTestClassCallbacks.evaluate(RunAfterTestClassCallbacks.java:71)
	at org.junit.runners.ParentRunner.run(ParentRunner.java:309)
	at org.springframework.test.context.junit4.SpringJUnit4ClassRunner.run(SpringJUnit4ClassRunner.java:176)
	at org.gradle.api.internal.tasks.testing.junit.JUnitTestClassExecuter.runTestClass(JUnitTestClassExecuter.java:86)
	at org.gradle.api.internal.tasks.testing.junit.JUnitTestClassExecuter.execute(JUnitTestClassExecuter.java:49)
	at org.gradle.api.internal.tasks.testing.junit.JUnitTestClassProcessor.processTestClass(JUnitTestClassProcessor.java:64)
	at org.gradle.api.internal.tasks.testing.SuiteTestClassProcessor.processTestClass(SuiteTestClassProcessor.java:50)
	at sun.reflect.GeneratedMethodAccessor105.invoke(Unknown Source)
	at sun.reflect.DelegatingMethodAccessorImpl.invoke(DelegatingMethodAccessorImpl.java:43)
	at java.lang.reflect.Method.invoke(Method.java:606)
	at org.gradle.messaging.dispatch.ReflectionDispatch.dispatch(ReflectionDispatch.java:35)
	at org.gradle.messaging.dispatch.ReflectionDispatch.dispatch(ReflectionDispatch.java:24)
	at org.gradle.messaging.dispatch.ContextClassLoaderDispatch.dispatch(ContextClassLoaderDispatch.java:32)
	at org.gradle.messaging.dispatch.ProxyDispatchAdapter$DispatchingInvocationHandler.invoke(ProxyDispatchAdapter.java:93)
	at com.sun.proxy.$Proxy2.processTestClass(Unknown Source)
	at org.gradle.api.internal.tasks.testing.worker.TestWorker.processTestClass(TestWorker.java:106)
	at sun.reflect.GeneratedMethodAccessor104.invoke(Unknown Source)
	at sun.reflect.DelegatingMethodAccessorImpl.invoke(DelegatingMethodAccessorImpl.java:43)
	at java.lang.reflect.Method.invoke(Method.java:606)
	at org.gradle.messaging.dispatch.ReflectionDispatch.dispatch(ReflectionDispatch.java:35)
	at org.gradle.messaging.dispatch.ReflectionDispatch.dispatch(ReflectionDispatch.java:24)
	at org.gradle.messaging.remote.internal.hub.MessageHub$Handler.run(MessageHub.java:360)
	at org.gradle.internal.concurrent.DefaultExecutorFactory$StoppableExecutorImpl$1.run(DefaultExecutorFactory.java:64)
	at java.util.concurrent.ThreadPoolExecutor.runWorker(ThreadPoolExecutor.java:1145)
	at java.util.concurrent.ThreadPoolExecutor$Worker.run(ThreadPoolExecutor.java:615)
	at java.lang.Thread.run(Thread.java:745)
com.app.shared.organization.locationmanagement.Timezone.gmtLabel size must be between 0 and 256
com.spartan.pluggable.exception.security.InvalidDataException: 90007:Invalid Exception.:Reason = Not Available!
	at com.athena.server.pluggable.utils.helper.EntityValidatorHelper.validateEntity(EntityValidatorHelper.java:28)
	at com.app.shared.organization.locationmanagement.Timezone.isValid(Timezone.java:194)
	at com.app.server.service.organization.locationmanagement.TimezoneTestCase.validateTimezone(TimezoneTestCase.java:185)
	at com.app.server.service.organization.locationmanagement.TimezoneTestCase.test5NegativeTesting(TimezoneTestCase.java:232)
	at sun.reflect.NativeMethodAccessorImpl.invoke0(Native Method)
	at sun.reflect.NativeMethodAccessorImpl.invoke(NativeMethodAccessorImpl.java:57)
	at sun.reflect.DelegatingMethodAccessorImpl.invoke(DelegatingMethodAccessorImpl.java:43)
	at java.lang.reflect.Method.invoke(Method.java:606)
	at org.junit.runners.model.FrameworkMethod$1.runReflectiveCall(FrameworkMethod.java:47)
	at org.junit.internal.runners.model.ReflectiveCallable.run(ReflectiveCallable.java:12)
	at org.junit.runners.model.FrameworkMethod.invokeExplosively(FrameworkMethod.java:44)
	at org.junit.internal.runners.statements.InvokeMethod.evaluate(InvokeMethod.java:17)
	at org.junit.internal.runners.statements.RunBefores.evaluate(RunBefores.java:26)
	at org.springframework.test.context.junit4.statements.RunBeforeTestMethodCallbacks.evaluate(RunBeforeTestMethodCallbacks.java:74)
	at org.junit.internal.runners.statements.RunAfters.evaluate(RunAfters.java:27)
	at org.springframework.test.context.junit4.statements.RunAfterTestMethodCallbacks.evaluate(RunAfterTestMethodCallbacks.java:83)
	at org.springframework.test.context.junit4.statements.SpringRepeat.evaluate(SpringRepeat.java:72)
	at org.springframework.test.context.junit4.SpringJUnit4ClassRunner.runChild(SpringJUnit4ClassRunner.java:233)
	at org.springframework.test.context.junit4.SpringJUnit4ClassRunner.runChild(SpringJUnit4ClassRunner.java:87)
	at org.junit.runners.ParentRunner$3.run(ParentRunner.java:238)
	at org.junit.runners.ParentRunner$1.schedule(ParentRunner.java:63)
	at org.junit.runners.ParentRunner.runChildren(ParentRunner.java:236)
	at org.junit.runners.ParentRunner.access$000(ParentRunner.java:53)
	at org.junit.runners.ParentRunner$2.evaluate(ParentRunner.java:229)
	at org.junit.internal.runners.statements.RunBefores.evaluate(RunBefores.java:26)
	at org.springframework.test.context.junit4.statements.RunBeforeTestClassCallbacks.evaluate(RunBeforeTestClassCallbacks.java:61)
	at org.springframework.test.context.junit4.statements.RunAfterTestClassCallbacks.evaluate(RunAfterTestClassCallbacks.java:71)
	at org.junit.runners.ParentRunner.run(ParentRunner.java:309)
	at org.springframework.test.context.junit4.SpringJUnit4ClassRunner.run(SpringJUnit4ClassRunner.java:176)
	at org.gradle.api.internal.tasks.testing.junit.JUnitTestClassExecuter.runTestClass(JUnitTestClassExecuter.java:86)
	at org.gradle.api.internal.tasks.testing.junit.JUnitTestClassExecuter.execute(JUnitTestClassExecuter.java:49)
	at org.gradle.api.internal.tasks.testing.junit.JUnitTestClassProcessor.processTestClass(JUnitTestClassProcessor.java:64)
	at org.gradle.api.internal.tasks.testing.SuiteTestClassProcessor.processTestClass(SuiteTestClassProcessor.java:50)
	at sun.reflect.GeneratedMethodAccessor105.invoke(Unknown Source)
	at sun.reflect.DelegatingMethodAccessorImpl.invoke(DelegatingMethodAccessorImpl.java:43)
	at java.lang.reflect.Method.invoke(Method.java:606)
	at org.gradle.messaging.dispatch.ReflectionDispatch.dispatch(ReflectionDispatch.java:35)
	at org.gradle.messaging.dispatch.ReflectionDispatch.dispatch(ReflectionDispatch.java:24)
	at org.gradle.messaging.dispatch.ContextClassLoaderDispatch.dispatch(ContextClassLoaderDispatch.java:32)
	at org.gradle.messaging.dispatch.ProxyDispatchAdapter$DispatchingInvocationHandler.invoke(ProxyDispatchAdapter.java:93)
	at com.sun.proxy.$Proxy2.processTestClass(Unknown Source)
	at org.gradle.api.internal.tasks.testing.worker.TestWorker.processTestClass(TestWorker.java:106)
	at sun.reflect.GeneratedMethodAccessor104.invoke(Unknown Source)
	at sun.reflect.DelegatingMethodAccessorImpl.invoke(DelegatingMethodAccessorImpl.java:43)
	at java.lang.reflect.Method.invoke(Method.java:606)
	at org.gradle.messaging.dispatch.ReflectionDispatch.dispatch(ReflectionDispatch.java:35)
	at org.gradle.messaging.dispatch.ReflectionDispatch.dispatch(ReflectionDispatch.java:24)
	at org.gradle.messaging.remote.internal.hub.MessageHub$Handler.run(MessageHub.java:360)
	at org.gradle.internal.concurrent.DefaultExecutorFactory$StoppableExecutorImpl$1.run(DefaultExecutorFactory.java:64)
	at java.util.concurrent.ThreadPoolExecutor.runWorker(ThreadPoolExecutor.java:1145)
	at java.util.concurrent.ThreadPoolExecutor$Worker.run(ThreadPoolExecutor.java:615)
	at java.lang.Thread.run(Thread.java:745)
com.app.shared.organization.locationmanagement.Timezone.timeZoneLabel size must be between 0 and 256
com.spartan.pluggable.exception.security.InvalidDataException: 90007:Invalid Exception.:Reason = Not Available!
	at com.athena.server.pluggable.utils.helper.EntityValidatorHelper.validateEntity(EntityValidatorHelper.java:28)
	at com.app.shared.organization.locationmanagement.Timezone.isValid(Timezone.java:194)
	at com.app.server.service.organization.locationmanagement.TimezoneTestCase.validateTimezone(TimezoneTestCase.java:185)
	at com.app.server.service.organization.locationmanagement.TimezoneTestCase.test5NegativeTesting(TimezoneTestCase.java:237)
	at sun.reflect.NativeMethodAccessorImpl.invoke0(Native Method)
	at sun.reflect.NativeMethodAccessorImpl.invoke(NativeMethodAccessorImpl.java:57)
	at sun.reflect.DelegatingMethodAccessorImpl.invoke(DelegatingMethodAccessorImpl.java:43)
	at java.lang.reflect.Method.invoke(Method.java:606)
	at org.junit.runners.model.FrameworkMethod$1.runReflectiveCall(FrameworkMethod.java:47)
	at org.junit.internal.runners.model.ReflectiveCallable.run(ReflectiveCallable.java:12)
	at org.junit.runners.model.FrameworkMethod.invokeExplosively(FrameworkMethod.java:44)
	at org.junit.internal.runners.statements.InvokeMethod.evaluate(InvokeMethod.java:17)
	at org.junit.internal.runners.statements.RunBefores.evaluate(RunBefores.java:26)
	at org.springframework.test.context.junit4.statements.RunBeforeTestMethodCallbacks.evaluate(RunBeforeTestMethodCallbacks.java:74)
	at org.junit.internal.runners.statements.RunAfters.evaluate(RunAfters.java:27)
	at org.springframework.test.context.junit4.statements.RunAfterTestMethodCallbacks.evaluate(RunAfterTestMethodCallbacks.java:83)
	at org.springframework.test.context.junit4.statements.SpringRepeat.evaluate(SpringRepeat.java:72)
	at org.springframework.test.context.junit4.SpringJUnit4ClassRunner.runChild(SpringJUnit4ClassRunner.java:233)
	at org.springframework.test.context.junit4.SpringJUnit4ClassRunner.runChild(SpringJUnit4ClassRunner.java:87)
	at org.junit.runners.ParentRunner$3.run(ParentRunner.java:238)
	at org.junit.runners.ParentRunner$1.schedule(ParentRunner.java:63)
	at org.junit.runners.ParentRunner.runChildren(ParentRunner.java:236)
	at org.junit.runners.ParentRunner.access$000(ParentRunner.java:53)
	at org.junit.runners.ParentRunner$2.evaluate(ParentRunner.java:229)
	at org.junit.internal.runners.statements.RunBefores.evaluate(RunBefores.java:26)
	at org.springframework.test.context.junit4.statements.RunBeforeTestClassCallbacks.evaluate(RunBeforeTestClassCallbacks.java:61)
	at org.springframework.test.context.junit4.statements.RunAfterTestClassCallbacks.evaluate(RunAfterTestClassCallbacks.java:71)
	at org.junit.runners.ParentRunner.run(ParentRunner.java:309)
	at org.springframework.test.context.junit4.SpringJUnit4ClassRunner.run(SpringJUnit4ClassRunner.java:176)
	at org.gradle.api.internal.tasks.testing.junit.JUnitTestClassExecuter.runTestClass(JUnitTestClassExecuter.java:86)
	at org.gradle.api.internal.tasks.testing.junit.JUnitTestClassExecuter.execute(JUnitTestClassExecuter.java:49)
	at org.gradle.api.internal.tasks.testing.junit.JUnitTestClassProcessor.processTestClass(JUnitTestClassProcessor.java:64)
	at org.gradle.api.internal.tasks.testing.SuiteTestClassProcessor.processTestClass(SuiteTestClassProcessor.java:50)
	at sun.reflect.GeneratedMethodAccessor105.invoke(Unknown Source)
	at sun.reflect.DelegatingMethodAccessorImpl.invoke(DelegatingMethodAccessorImpl.java:43)
	at java.lang.reflect.Method.invoke(Method.java:606)
	at org.gradle.messaging.dispatch.ReflectionDispatch.dispatch(ReflectionDispatch.java:35)
	at org.gradle.messaging.dispatch.ReflectionDispatch.dispatch(ReflectionDispatch.java:24)
	at org.gradle.messaging.dispatch.ContextClassLoaderDispatch.dispatch(ContextClassLoaderDispatch.java:32)
	at org.gradle.messaging.dispatch.ProxyDispatchAdapter$DispatchingInvocationHandler.invoke(ProxyDispatchAdapter.java:93)
	at com.sun.proxy.$Proxy2.processTestClass(Unknown Source)
	at org.gradle.api.internal.tasks.testing.worker.TestWorker.processTestClass(TestWorker.java:106)
	at sun.reflect.GeneratedMethodAccessor104.invoke(Unknown Source)
	at sun.reflect.DelegatingMethodAccessorImpl.invoke(DelegatingMethodAccessorImpl.java:43)
	at java.lang.reflect.Method.invoke(Method.java:606)
	at org.gradle.messaging.dispatch.ReflectionDispatch.dispatch(ReflectionDispatch.java:35)
	at org.gradle.messaging.dispatch.ReflectionDispatch.dispatch(ReflectionDispatch.java:24)
	at org.gradle.messaging.remote.internal.hub.MessageHub$Handler.run(MessageHub.java:360)
	at org.gradle.internal.concurrent.DefaultExecutorFactory$StoppableExecutorImpl$1.run(DefaultExecutorFactory.java:64)
	at java.util.concurrent.ThreadPoolExecutor.runWorker(ThreadPoolExecutor.java:1145)
	at java.util.concurrent.ThreadPoolExecutor$Worker.run(ThreadPoolExecutor.java:615)
	at java.lang.Thread.run(Thread.java:745)
com.app.shared.organization.locationmanagement.Timezone.country size must be between 0 and 256
com.spartan.pluggable.exception.security.InvalidDataException: 90007:Invalid Exception.:Reason = Not Available!
	at com.athena.server.pluggable.utils.helper.EntityValidatorHelper.validateEntity(EntityValidatorHelper.java:28)
	at com.app.shared.organization.locationmanagement.Timezone.isValid(Timezone.java:194)
	at com.app.server.service.organization.locationmanagement.TimezoneTestCase.validateTimezone(TimezoneTestCase.java:185)
	at com.app.server.service.organization.locationmanagement.TimezoneTestCase.test5NegativeTesting(TimezoneTestCase.java:242)
	at sun.reflect.NativeMethodAccessorImpl.invoke0(Native Method)
	at sun.reflect.NativeMethodAccessorImpl.invoke(NativeMethodAccessorImpl.java:57)
	at sun.reflect.DelegatingMethodAccessorImpl.invoke(DelegatingMethodAccessorImpl.java:43)
	at java.lang.reflect.Method.invoke(Method.java:606)
	at org.junit.runners.model.FrameworkMethod$1.runReflectiveCall(FrameworkMethod.java:47)
	at org.junit.internal.runners.model.ReflectiveCallable.run(ReflectiveCallable.java:12)
	at org.junit.runners.model.FrameworkMethod.invokeExplosively(FrameworkMethod.java:44)
	at org.junit.internal.runners.statements.InvokeMethod.evaluate(InvokeMethod.java:17)
	at org.junit.internal.runners.statements.RunBefores.evaluate(RunBefores.java:26)
	at org.springframework.test.context.junit4.statements.RunBeforeTestMethodCallbacks.evaluate(RunBeforeTestMethodCallbacks.java:74)
	at org.junit.internal.runners.statements.RunAfters.evaluate(RunAfters.java:27)
	at org.springframework.test.context.junit4.statements.RunAfterTestMethodCallbacks.evaluate(RunAfterTestMethodCallbacks.java:83)
	at org.springframework.test.context.junit4.statements.SpringRepeat.evaluate(SpringRepeat.java:72)
	at org.springframework.test.context.junit4.SpringJUnit4ClassRunner.runChild(SpringJUnit4ClassRunner.java:233)
	at org.springframework.test.context.junit4.SpringJUnit4ClassRunner.runChild(SpringJUnit4ClassRunner.java:87)
	at org.junit.runners.ParentRunner$3.run(ParentRunner.java:238)
	at org.junit.runners.ParentRunner$1.schedule(ParentRunner.java:63)
	at org.junit.runners.ParentRunner.runChildren(ParentRunner.java:236)
	at org.junit.runners.ParentRunner.access$000(ParentRunner.java:53)
	at org.junit.runners.ParentRunner$2.evaluate(ParentRunner.java:229)
	at org.junit.internal.runners.statements.RunBefores.evaluate(RunBefores.java:26)
	at org.springframework.test.context.junit4.statements.RunBeforeTestClassCallbacks.evaluate(RunBeforeTestClassCallbacks.java:61)
	at org.springframework.test.context.junit4.statements.RunAfterTestClassCallbacks.evaluate(RunAfterTestClassCallbacks.java:71)
	at org.junit.runners.ParentRunner.run(ParentRunner.java:309)
	at org.springframework.test.context.junit4.SpringJUnit4ClassRunner.run(SpringJUnit4ClassRunner.java:176)
	at org.gradle.api.internal.tasks.testing.junit.JUnitTestClassExecuter.runTestClass(JUnitTestClassExecuter.java:86)
	at org.gradle.api.internal.tasks.testing.junit.JUnitTestClassExecuter.execute(JUnitTestClassExecuter.java:49)
	at org.gradle.api.internal.tasks.testing.junit.JUnitTestClassProcessor.processTestClass(JUnitTestClassProcessor.java:64)
	at org.gradle.api.internal.tasks.testing.SuiteTestClassProcessor.processTestClass(SuiteTestClassProcessor.java:50)
	at sun.reflect.GeneratedMethodAccessor105.invoke(Unknown Source)
	at sun.reflect.DelegatingMethodAccessorImpl.invoke(DelegatingMethodAccessorImpl.java:43)
	at java.lang.reflect.Method.invoke(Method.java:606)
	at org.gradle.messaging.dispatch.ReflectionDispatch.dispatch(ReflectionDispatch.java:35)
	at org.gradle.messaging.dispatch.ReflectionDispatch.dispatch(ReflectionDispatch.java:24)
	at org.gradle.messaging.dispatch.ContextClassLoaderDispatch.dispatch(ContextClassLoaderDispatch.java:32)
	at org.gradle.messaging.dispatch.ProxyDispatchAdapter$DispatchingInvocationHandler.invoke(ProxyDispatchAdapter.java:93)
	at com.sun.proxy.$Proxy2.processTestClass(Unknown Source)
	at org.gradle.api.internal.tasks.testing.worker.TestWorker.processTestClass(TestWorker.java:106)
	at sun.reflect.GeneratedMethodAccessor104.invoke(Unknown Source)
	at sun.reflect.DelegatingMethodAccessorImpl.invoke(DelegatingMethodAccessorImpl.java:43)
	at java.lang.reflect.Method.invoke(Method.java:606)
	at org.gradle.messaging.dispatch.ReflectionDispatch.dispatch(ReflectionDispatch.java:35)
	at org.gradle.messaging.dispatch.ReflectionDispatch.dispatch(ReflectionDispatch.java:24)
	at org.gradle.messaging.remote.internal.hub.MessageHub$Handler.run(MessageHub.java:360)
	at org.gradle.internal.concurrent.DefaultExecutorFactory$StoppableExecutorImpl$1.run(DefaultExecutorFactory.java:64)
	at java.util.concurrent.ThreadPoolExecutor.runWorker(ThreadPoolExecutor.java:1145)
	at java.util.concurrent.ThreadPoolExecutor$Worker.run(ThreadPoolExecutor.java:615)
	at java.lang.Thread.run(Thread.java:745)
com.app.shared.organization.locationmanagement.Timezone.cities size must be between 0 and 256
com.spartan.pluggable.exception.security.InvalidDataException: 90007:Invalid Exception.:Reason = Not Available!
	at com.athena.server.pluggable.utils.helper.EntityValidatorHelper.validateEntity(EntityValidatorHelper.java:28)
	at com.app.shared.organization.locationmanagement.Timezone.isValid(Timezone.java:194)
	at com.app.server.service.organization.locationmanagement.TimezoneTestCase.validateTimezone(TimezoneTestCase.java:185)
	at com.app.server.service.organization.locationmanagement.TimezoneTestCase.test5NegativeTesting(TimezoneTestCase.java:247)
	at sun.reflect.NativeMethodAccessorImpl.invoke0(Native Method)
	at sun.reflect.NativeMethodAccessorImpl.invoke(NativeMethodAccessorImpl.java:57)
	at sun.reflect.DelegatingMethodAccessorImpl.invoke(DelegatingMethodAccessorImpl.java:43)
	at java.lang.reflect.Method.invoke(Method.java:606)
	at org.junit.runners.model.FrameworkMethod$1.runReflectiveCall(FrameworkMethod.java:47)
	at org.junit.internal.runners.model.ReflectiveCallable.run(ReflectiveCallable.java:12)
	at org.junit.runners.model.FrameworkMethod.invokeExplosively(FrameworkMethod.java:44)
	at org.junit.internal.runners.statements.InvokeMethod.evaluate(InvokeMethod.java:17)
	at org.junit.internal.runners.statements.RunBefores.evaluate(RunBefores.java:26)
	at org.springframework.test.context.junit4.statements.RunBeforeTestMethodCallbacks.evaluate(RunBeforeTestMethodCallbacks.java:74)
	at org.junit.internal.runners.statements.RunAfters.evaluate(RunAfters.java:27)
	at org.springframework.test.context.junit4.statements.RunAfterTestMethodCallbacks.evaluate(RunAfterTestMethodCallbacks.java:83)
	at org.springframework.test.context.junit4.statements.SpringRepeat.evaluate(SpringRepeat.java:72)
	at org.springframework.test.context.junit4.SpringJUnit4ClassRunner.runChild(SpringJUnit4ClassRunner.java:233)
	at org.springframework.test.context.junit4.SpringJUnit4ClassRunner.runChild(SpringJUnit4ClassRunner.java:87)
	at org.junit.runners.ParentRunner$3.run(ParentRunner.java:238)
	at org.junit.runners.ParentRunner$1.schedule(ParentRunner.java:63)
	at org.junit.runners.ParentRunner.runChildren(ParentRunner.java:236)
	at org.junit.runners.ParentRunner.access$000(ParentRunner.java:53)
	at org.junit.runners.ParentRunner$2.evaluate(ParentRunner.java:229)
	at org.junit.internal.runners.statements.RunBefores.evaluate(RunBefores.java:26)
	at org.springframework.test.context.junit4.statements.RunBeforeTestClassCallbacks.evaluate(RunBeforeTestClassCallbacks.java:61)
	at org.springframework.test.context.junit4.statements.RunAfterTestClassCallbacks.evaluate(RunAfterTestClassCallbacks.java:71)
	at org.junit.runners.ParentRunner.run(ParentRunner.java:309)
	at org.springframework.test.context.junit4.SpringJUnit4ClassRunner.run(SpringJUnit4ClassRunner.java:176)
	at org.gradle.api.internal.tasks.testing.junit.JUnitTestClassExecuter.runTestClass(JUnitTestClassExecuter.java:86)
	at org.gradle.api.internal.tasks.testing.junit.JUnitTestClassExecuter.execute(JUnitTestClassExecuter.java:49)
	at org.gradle.api.internal.tasks.testing.junit.JUnitTestClassProcessor.processTestClass(JUnitTestClassProcessor.java:64)
	at org.gradle.api.internal.tasks.testing.SuiteTestClassProcessor.processTestClass(SuiteTestClassProcessor.java:50)
	at sun.reflect.GeneratedMethodAccessor105.invoke(Unknown Source)
	at sun.reflect.DelegatingMethodAccessorImpl.invoke(DelegatingMethodAccessorImpl.java:43)
	at java.lang.reflect.Method.invoke(Method.java:606)
	at org.gradle.messaging.dispatch.ReflectionDispatch.dispatch(ReflectionDispatch.java:35)
	at org.gradle.messaging.dispatch.ReflectionDispatch.dispatch(ReflectionDispatch.java:24)
	at org.gradle.messaging.dispatch.ContextClassLoaderDispatch.dispatch(ContextClassLoaderDispatch.java:32)
	at org.gradle.messaging.dispatch.ProxyDispatchAdapter$DispatchingInvocationHandler.invoke(ProxyDispatchAdapter.java:93)
	at com.sun.proxy.$Proxy2.processTestClass(Unknown Source)
	at org.gradle.api.internal.tasks.testing.worker.TestWorker.processTestClass(TestWorker.java:106)
	at sun.reflect.GeneratedMethodAccessor104.invoke(Unknown Source)
	at sun.reflect.DelegatingMethodAccessorImpl.invoke(DelegatingMethodAccessorImpl.java:43)
	at java.lang.reflect.Method.invoke(Method.java:606)
	at org.gradle.messaging.dispatch.ReflectionDispatch.dispatch(ReflectionDispatch.java:35)
	at org.gradle.messaging.dispatch.ReflectionDispatch.dispatch(ReflectionDispatch.java:24)
	at org.gradle.messaging.remote.internal.hub.MessageHub$Handler.run(MessageHub.java:360)
	at org.gradle.internal.concurrent.DefaultExecutorFactory$StoppableExecutorImpl$1.run(DefaultExecutorFactory.java:64)
	at java.util.concurrent.ThreadPoolExecutor.runWorker(ThreadPoolExecutor.java:1145)
	at java.util.concurrent.ThreadPoolExecutor$Worker.run(ThreadPoolExecutor.java:615)
	at java.lang.Thread.run(Thread.java:745)
java.lang.NullPointerException
	at com.spartan.logger.connectors.file.LogFileHandler.writeData(LogFileHandler.java:109)
	at com.spartan.logger.connectors.file.FileConnector.writeData(FileConnector.java:69)
	at com.spartan.logger.connectors.file.FileConnector.writeLog(FileConnector.java:51)
	at com.spartan.logger.core.queue.QueueConsumer.consumeAlarm(QueueConsumer.java:76)
	at com.spartan.logger.core.queue.QueueConsumer.run(QueueConsumer.java:41)
	at java.lang.Thread.run(Thread.java:745)
java.lang.NullPointerException
	at com.spartan.logger.connectors.file.LogFileHandler.writeData(LogFileHandler.java:109)
	at com.spartan.logger.connectors.file.FileConnector.writeData(FileConnector.java:69)
	at com.spartan.logger.connectors.file.FileConnector.writeLog(FileConnector.java:51)
	at com.spartan.logger.core.queue.QueueConsumer.consumeAlarm(QueueConsumer.java:76)
	at com.spartan.logger.core.queue.QueueConsumer.run(QueueConsumer.java:41)
	at java.lang.Thread.run(Thread.java:745)
java.lang.NullPointerException
	at com.spartan.logger.connectors.file.LogFileHandler.writeData(LogFileHandler.java:109)
	at com.spartan.logger.connectors.file.FileConnector.writeData(FileConnector.java:69)
	at com.spartan.logger.connectors.file.FileConnector.writeLog(FileConnector.java:51)
	at com.spartan.logger.core.queue.QueueConsumer.consumeAlarm(QueueConsumer.java:76)
	at com.spartan.logger.core.queue.QueueConsumer.run(QueueConsumer.java:41)
	at java.lang.Thread.run(Thread.java:745)
]]></system-err>
</testsuite>
